https://mail.google.com/mail/u/0/?tab=rm&ogbl#inbox - ✅ Safe (whitelisted)
chrome://newtab/ - ⚠️ Suspicious
https://www.tradingview.com/ - Legitimate ✅
chrome://newtab/ - ⚠️ Suspicious
https://groww.in/stocks/user/explore - Phishing 🚨
chrome://newtab/ - ⚠️ Suspicious
https://groww.in/login - Legitimate ✅
https://www.youtube.com/ - ✅ Safe (whitelisted)
chrome://newtab/ - ⚠️ Suspicious
https://www.skillindiadigital.gov.in/user/profile/dashboard - Legitimate ✅
https://www.skillindiadigital.gov.in/account/register?returnUrl=%2Fuser%2Fprofile%2Fdashboard - Legitimate ✅
chrome://newtab/ - ⚠️ Suspicious
chrome://newtab/ - ⚠️ Suspicious
https://www.netacad.com/ - Legitimate ✅
https://mail.google.com/mail/u/0/?tab=rm&ogbl#inbox/FMfcgzQbgJPZnPbhCvbXbvkdmMsLdMJL - ✅ Safe (whitelisted)
https://mail.google.com/mail/u/0/?tab=rm&ogbl#inbox - ✅ Safe (whitelisted)
https://mail.google.com/mail/u/0/?tab=rm&ogbl#inbox/FMfcgzQbgJPZnPbhCvbXbvkdmMsLdMJL - ✅ Safe (whitelisted)
https://mail.google.com/mail/u/0/?tab=rm&ogbl#inbox - ✅ Safe (whitelisted)
https://mail.google.com/mail/u/0/?tab=rm&ogbl#inbox/FMfcgzQbgJPZnPbhGJMMkHxKCRRMNTlg - ✅ Safe (whitelisted)
https://mail.google.com/mail/u/0/?tab=rm&ogbl#inbox - ✅ Safe (whitelisted)
https://mail.google.com/mail/u/0/?tab=rm&ogbl#inbox/FMfcgzQbgJPZnPbhGJMFDDTGfJppRFTh - ✅ Safe (whitelisted)
https://mail.google.com/mail/u/0/?tab=rm&ogbl#inbox - ✅ Safe (whitelisted)
https://mail.google.com/mail/u/0/?tab=rm&ogbl#inbox/FMfcgzQbgJPZnPbhFDgCjvHlFWJlTrXz - ✅ Safe (whitelisted)
https://mail.google.com/mail/u/0/?tab=rm&ogbl#inbox - ✅ Safe (whitelisted)
https://mail.google.com/mail/u/0/?tab=rm&ogbl#inbox/FMfcgzQbgJPZnPbhFDFBckDdvPCjcdnM - ✅ Safe (whitelisted)
https://mail.google.com/mail/u/0/?tab=rm&ogbl#inbox - ✅ Safe (whitelisted)
https://mail.google.com/mail/u/0/?tab=rm&ogbl#inbox/FMfcgzQbgJPZnPbhFDDxRKvJTsxRqHXw - ✅ Safe (whitelisted)
https://mail.google.com/mail/u/0/?tab=rm&ogbl#inbox - ✅ Safe (whitelisted)
https://mail.google.com/mail/u/0/?tab=rm&ogbl#inbox/FMfcgzQbgJPZnPbhFCltSsKNbQXSJXfj - ✅ Safe (whitelisted)
https://mail.google.com/mail/u/0/?tab=rm&ogbl#inbox - ✅ Safe (whitelisted)
https://mail.google.com/mail/u/0/?tab=rm&ogbl#inbox/FMfcgzQbgJPZnPbhCwmlrDBfMRpvSqkB - ✅ Safe (whitelisted)
https://mail.google.com/mail/u/0/?tab=rm&ogbl#inbox - ✅ Safe (whitelisted)
https://mail.google.com/mail/u/0/?tab=rm&ogbl#inbox/FMfcgzQbgJPZnPbhCwmhdQfsZnRpKxGc - ✅ Safe (whitelisted)
https://mail.google.com/mail/u/0/?tab=rm&ogbl#inbox - ✅ Safe (whitelisted)
https://mail.google.com/mail/u/0/?tab=rm&ogbl#inbox/FMfcgzQbgJPZnPbhCwThvNKmHNtBVFdK - ✅ Safe (whitelisted)
https://mail.google.com/mail/u/0/?tab=rm&ogbl#inbox - ✅ Safe (whitelisted)
https://mail.google.com/mail/u/0/?tab=rm&ogbl#inbox/FMfcgzQbgJPZnPbhCwCcrDzxKSscvnGV - ✅ Safe (whitelisted)
https://mail.google.com/mail/u/0/?tab=rm&ogbl#inbox - ✅ Safe (whitelisted)
https://mail.google.com/mail/u/0/?tab=rm&ogbl#inbox/FMfcgzQbgJPZnPbhCwCTMKlcsZcBlTMM - ✅ Safe (whitelisted)
https://mail.google.com/mail/u/0/?tab=rm&ogbl#inbox - ✅ Safe (whitelisted)
chrome://newtab/ - ⚠️ Suspicious
http://securegov-login-alert.org/ - Phishing 🚨
chrome://newtab/ - ⚠️ Suspicious
http://login-account-recovery.com/ - Phishing 🚨
chrome://newtab/ - ⚠️ Suspicious
http://verify-paypal.com-security.login.html/ - Phishing 🚨
chrome://newtab/ - ⚠️ Suspicious
https://unknownexample1234.xyz/ - ⚠️ Suspicious
chrome://newtab/ - ⚠️ Suspicious
http://try-now-verify-payments.com/ - Phishing 🚨
chrome://newtab/ - ⚠️ Suspicious
https://www.inarcalud-dry.misecure.com/ - Phishing 🚨
chrome://newtab/ - ⚠️ Suspicious
https://managing55.wixsite.com/my-site - Phishing 🚨
https://mail.google.com/mail/u/0/?tab=rm&ogbl#inbox/FMfcgzQbgJPZnPbqTpxQrHHWThKWBhpn - ✅ Safe (whitelisted)
https://mail.google.com/mail/u/0/?tab=rm&ogbl#inbox - ✅ Safe (whitelisted)
https://mail.google.com/mail/u/0/?tab=rm&ogbl#inbox/FMfcgzQbgJPZnPbqTpgQFFhvbLSBtBjs - ✅ Safe (whitelisted)
https://mail.google.com/mail/u/0/?tab=rm&ogbl#inbox - ✅ Safe (whitelisted)
https://mail.google.com/mail/u/0/?tab=rm&ogbl#inbox/FMfcgzQbgJPZnPbqTnvHDwkKjSWsJlzp - ✅ Safe (whitelisted)
https://mail.google.com/mail/u/0/?tab=rm&ogbl#inbox - ✅ Safe (whitelisted)
https://mail.google.com/mail/u/0/?tab=rm&ogbl#inbox/FMfcgzQbgJPZnPbqSjwBlfPMrfDRxPdB - ✅ Safe (whitelisted)
https://mail.google.com/mail/u/0/?tab=rm&ogbl#inbox - ✅ Safe (whitelisted)
https://mail.google.com/mail/u/0/?tab=rm&ogbl#inbox/FMfcgzQbgJPZnPbqRdDXBGSqVzSlDbrM - ✅ Safe (whitelisted)
https://mail.google.com/mail/u/0/?tab=rm&ogbl#inbox - ✅ Safe (whitelisted)
https://mail.google.com/mail/u/0/?tab=rm&ogbl#inbox/FMfcgzQbgJPZnPbqRctTWhpGRdmjMQKj - ✅ Safe (whitelisted)
https://mail.google.com/mail/u/0/?tab=rm&ogbl#inbox - ✅ Safe (whitelisted)
https://mail.google.com/mail/u/0/?tab=rm&ogbl#inbox/FMfcgzQbgJPZnPbqRcSRLgNvRKVtffDz - ✅ Safe (whitelisted)
https://mail.google.com/mail/u/0/?tab=rm&ogbl#inbox - ✅ Safe (whitelisted)
https://mail.google.com/mail/u/0/?tab=rm&ogbl#inbox/FMfcgzQbgJPZnPbqRcKQqTQkwlnJrgjr - ✅ Safe (whitelisted)
https://mail.google.com/mail/u/0/?tab=rm&ogbl#inbox - ✅ Safe (whitelisted)
https://mail.google.com/mail/u/0/?tab=rm&ogbl#inbox/FMfcgzQbgJPZnPbqRbZJwflLZrqdFvzj - ✅ Safe (whitelisted)
https://mail.google.com/mail/u/0/?tab=rm&ogbl#inbox - ✅ Safe (whitelisted)
https://mail.google.com/mail/u/0/?tab=rm&ogbl#inbox/FMfcgzQbgJPZnPbqQWCGpvxThqwSsgzk - ✅ Safe (whitelisted)
https://mail.google.com/mail/u/0/?tab=rm&ogbl#inbox - ✅ Safe (whitelisted)
https://mail.google.com/mail/u/0/?tab=rm&ogbl#inbox/FMfcgzQbgJPZnPbqQVZwDzTdFjdTgsNx - ✅ Safe (whitelisted)
https://mail.google.com/mail/u/0/?tab=rm&ogbl#inbox - ✅ Safe (whitelisted)
https://mail.google.com/mail/u/0/?tab=rm&ogbl#inbox/FMfcgzQbgJPZnPbqQVHvRPkvZsTZmLSC - ✅ Safe (whitelisted)
https://mail.google.com/mail/u/0/?tab=rm&ogbl#inbox - ✅ Safe (whitelisted)
https://mail.google.com/mail/u/0/?tab=rm&ogbl#inbox/FMfcgzQbgJPZnPbqPPzphPdQXJGPKklV - ✅ Safe (whitelisted)
https://mail.google.com/mail/u/0/?tab=rm&ogbl#inbox - ✅ Safe (whitelisted)
https://mail.google.com/mail/u/0/?tab=rm&ogbl#inbox/FMfcgzQbgJPZnPbqPPzkLsCfmkRZHjnF - ✅ Safe (whitelisted)
https://mail.google.com/mail/u/0/?tab=rm&ogbl#inbox - ✅ Safe (whitelisted)
